<?xml version="1.0" encoding="UTF-8"?>
<!-- Generated by org.testng.reporters.JUnitXMLReporter -->
<testsuite ignored="0" hostname="DESKTOP-0T3LLVM" failures="1" tests="1" name="TestNGProject" time="0.061" errors="0" timestamp="2023-02-07T20:31:55 EST">
  <testcase classname="com.exelenter.class3._01_SoftAssertRecap" name="testCase" time="0.012">
    <failure type="java.lang.AssertionError" message="The following asserts failed:
	expected [true] but found [false]">
      <![CDATA[java.lang.AssertionError: The following asserts failed:
expected [true] but found [false]
at com.exelenter.class3._01_SoftAssertRecap.testCase(_01_SoftAssertRecap.java:21)
at java.base/java.util.ArrayList.forEach(ArrayList.java:1511)
at com.intellij.rt.testng.IDEARemoteTestNG.run(IDEARemoteTestNG.java:66)
at com.intellij.rt.testng.RemoteTestNGStarter.main(RemoteTestNGStarter.java:109)
... Removed 24 stack frames]]>
    </failure>
  </testcase> <!-- testCase -->
</testsuite> <!-- TestNGProject -->
